Starting server with Config HP="127.0.0.1:13764"|T="28800000"|R="false"|L="info"
time="2026-03-11T08:07:32-06:00" level=info msg="Creating root@localhost superuser"
time="2026-03-11T08:07:32-06:00" level=info msg="Server ready. Accepting connections."
time="2026-03-11T08:07:32-06:00" level=warning msg="secure_file_priv is set to \"\", which is insecure."
time="2026-03-11T08:07:32-06:00" level=warning msg="Any user with GRANT FILE privileges will be able to read any file which the sql-server process can read."
time="2026-03-11T08:07:32-06:00" level=warning msg="Please consider restarting the server with secure_file_priv set to a safe (or non-existent) directory."
time="2026-03-11T08:07:32-06:00" level=info msg=NewConnection DisableClientMultiStatements=false connectionID=1
time="2026-03-11T08:07:32-06:00" level=info msg=ConnectionClosed connectionID=1
time="2026-03-11T08:07:32-06:00" level=info msg=NewConnection DisableClientMultiStatements=false connectionID=2
time="2026-03-11T08:07:32-06:00" level=info msg=ConnectionClosed connectionID=2
time="2026-03-11T08:07:32-06:00" level=info msg=NewConnection DisableClientMultiStatements=false connectionID=3
time="2026-03-11T08:07:32-06:00" level=info msg=NewConnection DisableClientMultiStatements=false connectionID=4
time="2026-03-11T08:07:32-06:00" level=info msg=ConnectionClosed connectionID=3
time="2026-03-11T08:07:32-06:00" level=warning msg="error running query" connectTime="2026-03-11 08:07:32.591049432 -0600 MDT m=+0.576448082" connectionDb=sc connectionID=4 error="table not found: config" queryTime="2026-03-11 08:07:32.592298216 -0600 MDT m=+0.577696797"
time="2026-03-11T08:07:32-06:00" level=warning msg="error running query" connectTime="2026-03-11 08:07:32.591049432 -0600 MDT m=+0.576448082" connectionDb=sc connectionID=4 error="Duplicate key name 'idx_issues_issue_type'" queryTime="2026-03-11 08:07:32.75057463 -0600 MDT m=+0.735974189"
time="2026-03-11T08:07:32-06:00" level=warning msg="error running query" connectTime="2026-03-11 08:07:32.591049432 -0600 MDT m=+0.576448082" connectionDb=sc connectionID=4 error="foreign key `fk_dep_depends_on` was not found on the table `dependencies`" queryTime="2026-03-11 08:07:32.751599639 -0600 MDT m=+0.736998290"
time="2026-03-11T08:07:32-06:00" level=info msg=ConnectionClosed connectionID=4
time="2026-03-11T08:07:33-06:00" level=info msg=NewConnection DisableClientMultiStatements=false connectionID=5
time="2026-03-11T08:07:33-06:00" level=info msg=ConnectionClosed connectionID=5
time="2026-03-11T08:07:33-06:00" level=info msg=NewConnection DisableClientMultiStatements=false connectionID=6
time="2026-03-11T08:07:33-06:00" level=info msg=NewConnection DisableClientMultiStatements=false connectionID=7
time="2026-03-11T08:07:33-06:00" level=info msg=ConnectionClosed connectionID=6
time="2026-03-11T08:07:33-06:00" level=info msg=ConnectionClosed connectionID=7
time="2026-03-11T08:07:33-06:00" level=info msg=NewConnection DisableClientMultiStatements=false connectionID=8
time="2026-03-11T08:07:33-06:00" level=info msg=ConnectionClosed connectionID=8
time="2026-03-11T08:07:33-06:00" level=info msg=NewConnection DisableClientMultiStatements=false connectionID=9
time="2026-03-11T08:07:33-06:00" level=info msg=NewConnection DisableClientMultiStatements=false connectionID=10
time="2026-03-11T08:07:33-06:00" level=info msg=ConnectionClosed connectionID=9
time="2026-03-11T08:07:33-06:00" level=info msg=ConnectionClosed connectionID=10
time="2026-03-11T08:07:33-06:00" level=info msg=NewConnection DisableClientMultiStatements=false connectionID=11
time="2026-03-11T08:07:33-06:00" level=info msg=ConnectionClosed connectionID=11
time="2026-03-11T08:07:33-06:00" level=info msg=NewConnection DisableClientMultiStatements=false connectionID=12
time="2026-03-11T08:07:33-06:00" level=info msg=NewConnection DisableClientMultiStatements=false connectionID=13
time="2026-03-11T08:07:33-06:00" level=info msg=ConnectionClosed connectionID=12
time="2026-03-11T08:07:33-06:00" level=info msg=ConnectionClosed connectionID=13
time="2026-03-11T08:07:33-06:00" level=info msg=NewConnection DisableClientMultiStatements=false connectionID=14
time="2026-03-11T08:07:33-06:00" level=info msg=ConnectionClosed connectionID=14
time="2026-03-11T08:07:33-06:00" level=info msg=NewConnection DisableClientMultiStatements=false connectionID=15
time="2026-03-11T08:07:33-06:00" level=info msg=ConnectionClosed connectionID=15
time="2026-03-11T08:10:21-06:00" level=info msg=NewConnection DisableClientMultiStatements=false connectionID=16
time="2026-03-11T08:10:21-06:00" level=info msg=ConnectionClosed connectionID=16
time="2026-03-11T08:10:21-06:00" level=info msg=NewConnection DisableClientMultiStatements=false connectionID=17
time="2026-03-11T08:10:21-06:00" level=info msg=NewConnection DisableClientMultiStatements=false connectionID=18
time="2026-03-11T08:10:21-06:00" level=info msg=ConnectionClosed connectionID=17
time="2026-03-11T08:10:21-06:00" level=warning msg="error running query" connectTime="2026-03-11 08:10:21.772611474 -0600 MDT m=+169.758009635" connectionDb=sc connectionID=18 error="nothing to commit" queryTime="2026-03-11 08:10:21.783184932 -0600 MDT m=+169.768583024"
time="2026-03-11T08:10:21-06:00" level=info msg=ConnectionClosed connectionID=18
